# JRE version: OpenJDK Runtime Environment (17.0.10) (build 17.0.10+0--11572160)
# Java VM: OpenJDK 64-Bit Server VM (17.0.10+0--11572160, mixed mode, tiered, compressed oops, compressed class ptrs, g1 gc, windows-amd64)
GC Precious Log:
 CPUs: 8 total, 8 available
 Memory: 8072M
 Large Page Support: Disabled
 NUMA Support: Disabled
 Compressed Oops: Enabled (32-bit)
 Heap Region Size: 1M
 Heap Min Capacity: 8M
 Heap Initial Capacity: 128M
 Heap Max Capacity: 2020M
 Pre-touch: Disabled
 Parallel Workers: 8
 Concurrent Workers: 2
 Concurrent Refinement Workers: 8
 Periodic GC: Disabled
Heap:
 garbage-first heap   total 158720K, used 93193K [0x0000000081c00000, 0x0000000100000000)
  region size 1024K, 2 young (2048K), 2 survivors (2048K)
 Metaspace       used 80268K, committed 80576K, reserved 1179648K
  class space    used 8768K, committed 8960K, reserved 1048576K
GC Heap History (20 events):
Event: 5.707 GC heap after
{Heap after GC invocations=17 (full 0):
 garbage-first heap   total 106496K, used 47995K [0x0000000081c00000, 0x0000000100000000)
  region size 1024K, 4 young (4096K), 4 survivors (4096K)
 Metaspace       used 50129K, committed 50368K, reserved 1114112K
  class space    used 5821K, committed 5952K, reserved 1048576K
}
Event: 5.775 GC heap before
{Heap before GC invocations=17 (full 0):
 garbage-first heap   total 106496K, used 80763K [0x0000000081c00000, 0x0000000100000000)
  region size 1024K, 36 young (36864K), 4 survivors (4096K)
 Metaspace       used 50135K, committed 50368K, reserved 1114112K
  class space    used 5821K, committed 5952K, reserved 1048576K
}
Event: 5.780 GC heap after
{Heap after GC invocations=18 (full 0):
 garbage-first heap   total 106496K, used 48744K [0x0000000081c00000, 0x0000000100000000)
  region size 1024K, 1 young (1024K), 1 survivors (1024K)
 Metaspace       used 50135K, committed 50368K, reserved 1114112K
  class space    used 5821K, committed 5952K, reserved 1048576K
}
Event: 6.663 GC heap before
{Heap before GC invocations=18 (full 0):
 garbage-first heap   total 106496K, used 83560K [0x0000000081c00000, 0x0000000100000000)
  region size 1024K, 35 young (35840K), 1 survivors (1024K)
 Metaspace       used 54647K, committed 54912K, reserved 1114112K
  class space    used 6330K, committed 6464K, reserved 1048576K
}
Event: 6.669 GC heap after
{Heap after GC invocations=19 (full 0):
 garbage-first heap   total 158720K, used 50458K [0x0000000081c00000, 0x0000000100000000)
  region size 1024K, 3 young (3072K), 3 survivors (3072K)
 Metaspace       used 54647K, committed 54912K, reserved 1114112K
  class space    used 6330K, committed 6464K, reserved 1048576K
}
Event: 8.609 GC heap before
{Heap before GC invocations=20 (full 0):
 garbage-first heap   total 158720K, used 121114K [0x0000000081c00000, 0x0000000100000000)
  region size 1024K, 72 young (73728K), 3 survivors (3072K)
 Metaspace       used 60906K, committed 61184K, reserved 1114112K
  class space    used 7044K, committed 7168K, reserved 1048576K
}
Event: 8.625 GC heap after
{Heap after GC invocations=21 (full 0):
 garbage-first heap   total 158720K, used 60038K [0x0000000081c00000, 0x0000000100000000)
  region size 1024K, 9 young (9216K), 9 survivors (9216K)
 Metaspace       used 60906K, committed 61184K, reserved 1114112K
  class space    used 7044K, committed 7168K, reserved 1048576K
}
Event: 8.639 GC heap before
{Heap before GC invocations=21 (full 0):
 garbage-first heap   total 158720K, used 61062K [0x0000000081c00000, 0x0000000100000000)
  region size 1024K, 10 young (10240K), 9 survivors (9216K)
 Metaspace       used 60921K, committed 61184K, reserved 1114112K
  class space    used 7045K, committed 7168K, reserved 1048576K
}
Event: 8.651 GC heap after
{Heap after GC invocations=22 (full 0):
 garbage-first heap   total 158720K, used 60283K [0x0000000081c00000, 0x0000000100000000)
  region size 1024K, 1 young (1024K), 1 survivors (1024K)
 Metaspace       used 60921K, committed 61184K, reserved 1114112K
  class space    used 7045K, committed 7168K, reserved 1048576K
}
Event: 10.064 GC heap before
{Heap before GC invocations=22 (full 0):
 garbage-first heap   total 158720K, used 120699K [0x0000000081c00000, 0x0000000100000000)
  region size 1024K, 59 young (60416K), 1 survivors (1024K)
 Metaspace       used 62289K, committed 62528K, reserved 1114112K
  class space    used 7106K, committed 7232K, reserved 1048576K
}
Event: 10.073 GC heap after
{Heap after GC invocations=23 (full 0):
 garbage-first heap   total 158720K, used 66401K [0x0000000081c00000, 0x0000000100000000)
  region size 1024K, 7 young (7168K), 7 survivors (7168K)
 Metaspace       used 62289K, committed 62528K, reserved 1114112K
  class space    used 7106K, committed 7232K, reserved 1048576K
}
Event: 11.469 GC heap before
{Heap before GC invocations=23 (full 0):
 garbage-first heap   total 158720K, used 124769K [0x0000000081c00000, 0x0000000100000000)
  region size 1024K, 62 young (63488K), 7 survivors (7168K)
 Metaspace       used 64530K, committed 64768K, reserved 1114112K
  class space    used 7296K, committed 7424K, reserved 1048576K
}
Event: 11.482 GC heap after
{Heap after GC invocations=24 (full 0):
 garbage-first heap   total 158720K, used 73157K [0x0000000081c00000, 0x0000000100000000)
  region size 1024K, 5 young (5120K), 5 survivors (5120K)
 Metaspace       used 64530K, committed 64768K, reserved 1114112K
  class space    used 7296K, committed 7424K, reserved 1048576K
}
Event: 12.522 GC heap before
{Heap before GC invocations=24 (full 0):
 garbage-first heap   total 158720K, used 125381K [0x0000000081c00000, 0x0000000100000000)
  region size 1024K, 56 young (57344K), 5 survivors (5120K)
 Metaspace       used 69669K, committed 70016K, reserved 1114112K
  class space    used 7770K, committed 7936K, reserved 1048576K
}
Event: 12.538 GC heap after
{Heap after GC invocations=25 (full 0):
 garbage-first heap   total 158720K, used 80351K [0x0000000081c00000, 0x0000000100000000)
  region size 1024K, 7 young (7168K), 7 survivors (7168K)
 Metaspace       used 69669K, committed 70016K, reserved 1114112K
  class space    used 7770K, committed 7936K, reserved 1048576K
}
Event: 13.467 GC heap before
{Heap before GC invocations=25 (full 0):
 garbage-first heap   total 158720K, used 126431K [0x0000000081c00000, 0x0000000100000000)
  region size 1024K, 52 young (53248K), 7 survivors (7168K)
 Metaspace       used 75086K, committed 75392K, reserved 1179648K
  class space    used 8276K, committed 8448K, reserved 1048576K
}
Event: 13.479 GC heap after
{Heap after GC invocations=26 (full 0):
 garbage-first heap   total 158720K, used 86275K [0x0000000081c00000, 0x0000000100000000)
  region size 1024K, 7 young (7168K), 7 survivors (7168K)
 Metaspace       used 75086K, committed 75392K, reserved 1179648K
  class space    used 8276K, committed 8448K, reserved 1048576K
}
Event: 14.139 GC heap before
{Heap before GC invocations=26 (full 0):
 garbage-first heap   total 158720K, used 127235K [0x0000000081c00000, 0x0000000100000000)
  region size 1024K, 47 young (48128K), 7 survivors (7168K)
 Metaspace       used 79654K, committed 80000K, reserved 1179648K
  class space    used 8710K, committed 8896K, reserved 1048576K
}
Event: 14.155 GC heap after
{Heap after GC invocations=27 (full 0):
 garbage-first heap   total 158720K, used 91793K [0x0000000081c00000, 0x0000000100000000)
  region size 1024K, 6 young (6144K), 6 survivors (6144K)
 Metaspace       used 79654K, committed 80000K, reserved 1179648K
  class space    used 8710K, committed 8896K, reserved 1048576K
}
Event: 14.465 GC heap before
{Heap before GC invocations=27 (full 0):
 garbage-first heap   total 158720K, used 127633K [0x0000000081c00000, 0x0000000100000000)
  region size 1024K, 41 young (41984K), 6 survivors (6144K)
 Metaspace       used 80268K, committed 80576K, reserved 1179648K
  class space    used 8768K, committed 8960K, reserved 1048576K
}

